<?xml version="1.0" encoding="UTF-8"?>
<!-- Generated by org.testng.reporters.JUnitReportReporter -->
<testsuite skipped="0" hostname="DESKTOP-Q8AMAPD" name="testcases.Test1" tests="1" failures="0" timestamp="07 Jan 2020 16:16:37 GMT" time="22.602" errors="0">
  <testcase name="loginTest" time="22.602" classname="testcases.Test1"/>
</testsuite> <!-- testcases.Test1 -->
